d:\projekty\garlina - schafler\mapfilecreator\appi_20190417_new\mapfilecreator\sourcefiles\filemapcreator\debug\filemapcreator.pch
d:\projekty\garlina - schafler\mapfilecreator\appi_20190417_new\mapfilecreator\sourcefiles\filemapcreator\debug\vc141.pdb
d:\projekty\garlina - schafler\mapfilecreator\appi_20190417_new\mapfilecreator\sourcefiles\filemapcreator\debug\vc141.idb
d:\projekty\garlina - schafler\mapfilecreator\appi_20190417_new\mapfilecreator\sourcefiles\filemapcreator\debug\pch.obj
d:\projekty\garlina - schafler\mapfilecreator\appi_20190417_new\mapfilecreator\sourcefiles\filemapcreator\debug\outfile.obj
d:\projekty\garlina - schafler\mapfilecreator\appi_20190417_new\mapfilecreator\sourcefiles\filemapcreator\debug\map.obj
d:\projekty\garlina - schafler\mapfilecreator\appi_20190417_new\mapfilecreator\sourcefiles\filemapcreator\debug\filemapcreator.obj
d:\projekty\garlina - schafler\mapfilecreator\appi_20190417_new\mapfilecreator\sourcefiles\filemapcreator\debug\csv.obj
d:\prywatne\github\mapfilegenerator\filemapcreator\debug\filemapcreator.pch
d:\prywatne\github\mapfilegenerator\filemapcreator\debug\vc141.pdb
d:\prywatne\github\mapfilegenerator\filemapcreator\debug\vc141.idb
d:\prywatne\github\mapfilegenerator\filemapcreator\debug\pch.obj
d:\prywatne\github\mapfilegenerator\filemapcreator\debug\outfile.obj
d:\prywatne\github\mapfilegenerator\filemapcreator\debug\map.obj
d:\prywatne\github\mapfilegenerator\filemapcreator\debug\filemapcreator.obj
d:\prywatne\github\mapfilegenerator\filemapcreator\debug\csv.obj
d:\projekty\garlina - schafler\mapfilecreator\appi_20190417_new\mapfilecreator\sourcefiles\debug\filemapcreator.ilk
d:\projekty\garlina - schafler\mapfilecreator\appi_20190417_new\mapfilecreator\sourcefiles\debug\filemapcreator.exe
d:\projekty\garlina - schafler\mapfilecreator\appi_20190417_new\mapfilecreator\sourcefiles\debug\filemapcreator.pdb
d:\prywatne\github\mapfilegenerator\debug\filemapcreator.ilk
d:\prywatne\github\mapfilegenerator\debug\filemapcreator.exe
d:\prywatne\github\mapfilegenerator\debug\filemapcreator.pdb
d:\prywatne\github\mapfilegenerator\filemapcreator\debug\filemapcreator.tlog\cl.command.1.tlog
d:\prywatne\github\mapfilegenerator\filemapcreator\debug\filemapcreator.tlog\cl.read.1.tlog
d:\prywatne\github\mapfilegenerator\filemapcreator\debug\filemapcreator.tlog\cl.write.1.tlog
d:\prywatne\github\mapfilegenerator\filemapcreator\debug\filemapcreator.tlog\link.command.1.tlog
d:\prywatne\github\mapfilegenerator\filemapcreator\debug\filemapcreator.tlog\link.read.1.tlog
d:\prywatne\github\mapfilegenerator\filemapcreator\debug\filemapcreator.tlog\link.write.1.tlog
